c:\hlocal\practica1sintransparencias\myapp\debug\vc120.pdb
c:\hlocal\practica1sintransparencias\myapp\debug\vc120.idb
c:\hlocal\practica1sintransparencias\myapp\debug\entities.obj
c:\hlocal\practica1sintransparencias\myapp\debug\main.obj
c:\hlocal\practica1sintransparencias\myapp\debug\mesh.obj
c:\hlocal\practica1sintransparencias\myapp\debug\pixmap32rgba.obj
c:\hlocal\practica1sintransparencias\myapp\debug\scene.obj
c:\hlocal\practica1sintransparencias\myapp\debug\camera.obj
c:\hlocal\practica1sintransparencias\myapp\debug\texture.obj
c:\users\aramis\documents\ig\practica1\myapp\debug\vc120.pdb
c:\users\aramis\documents\ig\practica1\myapp\debug\vc120.idb
c:\users\aramis\documents\ig\practica1\myapp\debug\entities.obj
c:\users\aramis\documents\ig\practica1\myapp\debug\main.obj
c:\users\aramis\documents\ig\practica1\myapp\debug\mesh.obj
c:\users\aramis\documents\ig\practica1\myapp\debug\pixmap32rgba.obj
c:\users\aramis\documents\ig\practica1\myapp\debug\scene.obj
c:\users\aramis\documents\ig\practica1\myapp\debug\camera.obj
c:\users\aramis\documents\ig\practica1\myapp\debug\texture.obj
c:\hlocal\practica1sintransparencias\bin\myappdebug.ilk
c:\hlocal\practica1sintransparencias\bin\myappdebug.exe
c:\hlocal\practica1sintransparencias\bin\myappdebug.pdb
c:\users\aramis\documents\ig\practica1\bin\myappdebug.ilk
c:\users\aramis\documents\ig\practica1\bin\myappdebug.exe
c:\users\aramis\documents\ig\practica1\bin\myappdebug.pdb
c:\users\aramis\documents\ig\practica1\myapp\debug\myapp.tlog\cl.command.1.tlog
c:\users\aramis\documents\ig\practica1\myapp\debug\myapp.tlog\cl.read.1.tlog
c:\users\aramis\documents\ig\practica1\myapp\debug\myapp.tlog\cl.write.1.tlog
c:\users\aramis\documents\ig\practica1\myapp\debug\myapp.tlog\link.command.1.tlog
c:\users\aramis\documents\ig\practica1\myapp\debug\myapp.tlog\link.read.1.tlog
c:\users\aramis\documents\ig\practica1\myapp\debug\myapp.tlog\link.write.1.tlog
